0 verbose cli /opt/homebrew/Cellar/node/25.5.0/bin/node /opt/homebrew/lib/node_modules/npm/bin/npm-cli.js
1 info using npm@11.8.0
2 info using node@v25.5.0
3 silly config load:file:/opt/homebrew/lib/node_modules/npm/npmrc
4 silly config load:file:/Users/oliviercloutier/Desktop/motherload_projet/motherload_projet/.npmrc
5 silly config load:file:/Users/oliviercloutier/.npmrc
6 silly config load:file:/opt/homebrew/etc/npmrc
7 verbose title npm exec create-vite@latest client --template react
8 verbose argv "exec" "--yes" "--" "create-vite@latest" "client" "--template" "react"
9 verbose logfile logs-max:10 dir:/Users/oliviercloutier/Desktop/motherload_projet/motherload_projet/.npm-cache/_logs/2026-02-02T19_54_25_876Z-
10 verbose logfile /Users/oliviercloutier/Desktop/motherload_projet/motherload_projet/.npm-cache/_logs/2026-02-02T19_54_25_876Z-debug-0.log
11 silly logfile done cleaning log files
12 silly packumentCache heap:2348810240 maxSize:587202560 maxEntrySize:293601280
13 http fetch GET 200 https://registry.npmjs.org/npm 259ms
14 http fetch GET 200 https://registry.npmjs.org/create-vite 461ms (cache miss)
15 silly packumentCache heap:2348810240 maxSize:587202560 maxEntrySize:293601280
16 silly packumentCache heap:2348810240 maxSize:587202560 maxEntrySize:293601280
17 silly idealTree buildDeps
18 silly fetch manifest create-vite@8.2.0
19 silly packumentCache full:https://registry.npmjs.org/create-vite cache-miss
20 http fetch GET 200 https://registry.npmjs.org/create-vite 353ms (cache miss)
21 silly packumentCache full:https://registry.npmjs.org/create-vite set size:undefined disposed:false
22 silly placeDep ROOT create-vite@8.2.0 OK for:  want: 8.2.0
23 silly reify moves {}
24 silly audit bulk request { 'create-vite': [ '8.2.0' ] }
25 http cache create-vite@https://registry.npmjs.org/create-vite/-/create-vite-8.2.0.tgz 0ms (cache hit)
26 silly tarball no local data for create-vite@https://registry.npmjs.org/create-vite/-/create-vite-8.2.0.tgz. Extracting by manifest.
27 http fetch GET 200 https://registry.npmjs.org/create-vite/-/create-vite-8.2.0.tgz 107ms (cache miss)
28 http fetch POST 200 https://registry.npmjs.org/-/npm/v1/security/advisories/bulk 259ms
29 silly audit report {}
30 verbose cwd /Users/oliviercloutier/Desktop/motherload_projet/motherload_projet
31 verbose os Darwin 25.2.0
32 verbose node v25.5.0
33 verbose npm  v11.8.0
34 verbose exit 0
35 info ok
